This is pdfTeX, Version 3.141592653-2.6-1.40.27 (TeX Live 2025/Homebrew) (preloaded format=pdflatex 2025.3.15)  13 JUN 2026 03:22
entering extended mode
 restricted \write18 enabled.
 file:line:error style messages enabled.
 %&-line parsing enabled.
**"/Users/vladislavkalinichenko/VSCodeProjects/Bandwidth Research/submissions/icomp-2026/main.tex"
(/Users/vladislavkalinichenko/VSCodeProjects/Bandwidth Research/submissions/icomp-2026/main.tex
LaTeX2e <2024-11-01> patch level 2
L3 programming layer <2025-01-18>
(/opt/homebrew/Cellar/texlive/20250308_1/share/texmf-dist/tex/latex/base/article.cls
Document Class: article 2024/06/29 v1.4n Standard LaTeX document class
(/opt/homebrew/Cellar/texlive/20250308_1/share/texmf-dist/tex/latex/base/size10.clo
File: size10.clo 2024/06/29 v1.4n Standard LaTeX file (size option)
)
\c@part=\count196
\c@section=\count197
\c@subsection=\count198
\c@subsubsection=\count199
\c@paragraph=\count266
\c@subparagraph=\count267
\c@figure=\count268
\c@table=\count269
\abovecaptionskip=\skip49
\belowcaptionskip=\skip50
\bibindent=\dimen141
)

! LaTeX Error: File `icomp2026_conference.sty' not found.

Type X to quit or <RETURN> to proceed,
or enter new name. (Default extension: sty)

Enter file name: 
/Users/vladislavkalinichenko/VSCodeProjects/Bandwidth Research/submissions/icomp-2026/main.tex:3: Emergency stop.
<read *> 
         
l.3 ^^M
       
*** (cannot \read from terminal in nonstop modes)

 
Here is how much of TeX's memory you used:
 237 strings out of 473190
 3307 string characters out of 5704335
 391984 words of memory out of 5000000
 23581 multiletter control sequences out of 15000+600000
 558837 words of font info for 36 fonts, out of 8000000 for 9000
 1141 hyphenation exceptions out of 8191
 35i,0n,38p,250b,36s stack positions out of 10000i,1000n,20000p,200000b,200000s
/Users/vladislavkalinichenko/VSCodeProjects/Bandwidth Research/submissions/icomp-2026/main.tex:3:  ==> Fatal error occurred, no output PDF file produced!
